<?xml version="1.0" encoding="UTF-8"?>
<testsuite name="storage.LinkedHashSetStorageTest" tests="1" skipped="0" failures="0" errors="0" timestamp="2022-03-01T18:18:18" hostname="LAPTOP-4QT8RMP5" time="0.075">
  <properties/>
  <testcase name="isEmpty()" classname="storage.LinkedHashSetStorageTest" time="0.075"/>
  <system-out><![CDATA[]]></system-out>
  <system-err><![CDATA[]]></system-err>
</testsuite>
